<?xml version="1.0" encoding="UTF-8"?>
<testsuite xmlns:xsi="http://www.w3.org/2001/XMLSchema-instance" xsi:noNamespaceSchemaLocation="https://maven.apache.org/surefire/maven-surefire-plugin/xsd/surefire-test-report.xsd" name="apiben10.ben10Runner" time="2.863" tests="6" errors="0" skipped="0" failures="2">
  <properties>
    <property name="java.specification.version" value="17"/>
    <property name="sun.cpu.isalist" value="amd64"/>
    <property name="sun.jnu.encoding" value="Cp1252"/>
    <property name="java.class.path" value="C:\Users\gabri\OneDrive\Documentos\codiguins\Inatel\S206---L1\karate\trabalho_karate\karate_trabalho\target\test-classes;C:\Users\gabri\OneDrive\Documentos\codiguins\Inatel\S206---L1\karate\trabalho_karate\karate_trabalho\target\classes;C:\Users\gabri\.m2\repository\com\intuit\karate\karate-junit5\1.0.1\karate-junit5-1.0.1.jar;C:\Users\gabri\.m2\repository\com\intuit\karate\karate-core\1.0.1\karate-core-1.0.1.jar;C:\Users\gabri\.m2\repository\org\graalvm\js\js-scriptengine\21.0.0\js-scriptengine-21.0.0.jar;C:\Users\gabri\.m2\repository\org\graalvm\sdk\graal-sdk\21.0.0\graal-sdk-21.0.0.jar;C:\Users\gabri\.m2\repository\org\graalvm\js\js\21.0.0\js-21.0.0.jar;C:\Users\gabri\.m2\repository\org\graalvm\regex\regex\21.0.0\regex-21.0.0.jar;C:\Users\gabri\.m2\repository\org\graalvm\truffle\truffle-api\21.0.0\truffle-api-21.0.0.jar;C:\Users\gabri\.m2\repository\com\ibm\icu\icu4j\67.1\icu4j-67.1.jar;C:\Users\gabri\.m2\repository\ch\qos\logback\logback-classic\1.2.3\logback-classic-1.2.3.jar;C:\Users\gabri\.m2\repository\ch\qos\logback\logback-core\1.2.3\logback-core-1.2.3.jar;C:\Users\gabri\.m2\repository\org\slf4j\slf4j-api\1.7.25\slf4j-api-1.7.25.jar;C:\Users\gabri\.m2\repository\org\slf4j\jcl-over-slf4j\1.7.25\jcl-over-slf4j-1.7.25.jar;C:\Users\gabri\.m2\repository\com\jayway\jsonpath\json-path\2.5.0\json-path-2.5.0.jar;C:\Users\gabri\.m2\repository\net\minidev\json-smart\2.3\json-smart-2.3.jar;C:\Users\gabri\.m2\repository\net\minidev\accessors-smart\1.2\accessors-smart-1.2.jar;C:\Users\gabri\.m2\repository\org\ow2\asm\asm\5.0.4\asm-5.0.4.jar;C:\Users\gabri\.m2\repository\info\cukes\cucumber-java\1.2.5\cucumber-java-1.2.5.jar;C:\Users\gabri\.m2\repository\info\cukes\cucumber-core\1.2.5\cucumber-core-1.2.5.jar;C:\Users\gabri\.m2\repository\org\yaml\snakeyaml\1.27\snakeyaml-1.27.jar;C:\Users\gabri\.m2\repository\de\siegmar\fastcsv\1.0.4\fastcsv-1.0.4.jar;C:\Users\gabri\.m2\repository\info\picocli\picocli\4.5.2\picocli-4.5.2.jar;C:\Users\gabri\.m2\repository\org\junit\jupiter\junit-jupiter-api\5.7.0\junit-jupiter-api-5.7.0.jar;C:\Users\gabri\.m2\repository\org\apiguardian\apiguardian-api\1.1.0\apiguardian-api-1.1.0.jar;C:\Users\gabri\.m2\repository\org\opentest4j\opentest4j\1.2.0\opentest4j-1.2.0.jar;C:\Users\gabri\.m2\repository\org\junit\platform\junit-platform-commons\1.7.0\junit-platform-commons-1.7.0.jar;C:\Users\gabri\.m2\repository\org\junit\jupiter\junit-jupiter-engine\5.7.0\junit-jupiter-engine-5.7.0.jar;C:\Users\gabri\.m2\repository\org\junit\platform\junit-platform-engine\1.7.0\junit-platform-engine-1.7.0.jar;"/>
    <property name="java.vm.vendor" value="Eclipse Adoptium"/>
    <property name="sun.arch.data.model" value="64"/>
    <property name="user.variant" value=""/>
    <property name="java.vendor.url" value="https://adoptium.net/"/>
    <property name="user.timezone" value="America/Sao_Paulo"/>
    <property name="os.name" value="Windows 11"/>
    <property name="java.vm.specification.version" value="17"/>
    <property name="sun.java.launcher" value="SUN_STANDARD"/>
    <property name="user.country" value="US"/>
    <property name="sun.boot.library.path" value="C:\Program Files\Eclipse Adoptium\jdk-17.0.6.10-hotspot\bin"/>
    <property name="sun.java.command" value="C:\Users\gabri\AppData\Local\Temp\surefire13315725926666457549\surefirebooter5547776318138783000.jar C:\Users\gabri\AppData\Local\Temp\surefire13315725926666457549 2023-12-03T10-07-03_950-jvmRun1 surefire17236226980682720090tmp surefire_08944403278214822621tmp"/>
    <property name="jdk.debug" value="release"/>
    <property name="test" value="ben10Runner"/>
    <property name="surefire.test.class.path" value="C:\Users\gabri\OneDrive\Documentos\codiguins\Inatel\S206---L1\karate\trabalho_karate\karate_trabalho\target\test-classes;C:\Users\gabri\OneDrive\Documentos\codiguins\Inatel\S206---L1\karate\trabalho_karate\karate_trabalho\target\classes;C:\Users\gabri\.m2\repository\com\intuit\karate\karate-junit5\1.0.1\karate-junit5-1.0.1.jar;C:\Users\gabri\.m2\repository\com\intuit\karate\karate-core\1.0.1\karate-core-1.0.1.jar;C:\Users\gabri\.m2\repository\org\graalvm\js\js-scriptengine\21.0.0\js-scriptengine-21.0.0.jar;C:\Users\gabri\.m2\repository\org\graalvm\sdk\graal-sdk\21.0.0\graal-sdk-21.0.0.jar;C:\Users\gabri\.m2\repository\org\graalvm\js\js\21.0.0\js-21.0.0.jar;C:\Users\gabri\.m2\repository\org\graalvm\regex\regex\21.0.0\regex-21.0.0.jar;C:\Users\gabri\.m2\repository\org\graalvm\truffle\truffle-api\21.0.0\truffle-api-21.0.0.jar;C:\Users\gabri\.m2\repository\com\ibm\icu\icu4j\67.1\icu4j-67.1.jar;C:\Users\gabri\.m2\repository\ch\qos\logback\logback-classic\1.2.3\logback-classic-1.2.3.jar;C:\Users\gabri\.m2\repository\ch\qos\logback\logback-core\1.2.3\logback-core-1.2.3.jar;C:\Users\gabri\.m2\repository\org\slf4j\slf4j-api\1.7.25\slf4j-api-1.7.25.jar;C:\Users\gabri\.m2\repository\org\slf4j\jcl-over-slf4j\1.7.25\jcl-over-slf4j-1.7.25.jar;C:\Users\gabri\.m2\repository\com\jayway\jsonpath\json-path\2.5.0\json-path-2.5.0.jar;C:\Users\gabri\.m2\repository\net\minidev\json-smart\2.3\json-smart-2.3.jar;C:\Users\gabri\.m2\repository\net\minidev\accessors-smart\1.2\accessors-smart-1.2.jar;C:\Users\gabri\.m2\repository\org\ow2\asm\asm\5.0.4\asm-5.0.4.jar;C:\Users\gabri\.m2\repository\info\cukes\cucumber-java\1.2.5\cucumber-java-1.2.5.jar;C:\Users\gabri\.m2\repository\info\cukes\cucumber-core\1.2.5\cucumber-core-1.2.5.jar;C:\Users\gabri\.m2\repository\org\yaml\snakeyaml\1.27\snakeyaml-1.27.jar;C:\Users\gabri\.m2\repository\de\siegmar\fastcsv\1.0.4\fastcsv-1.0.4.jar;C:\Users\gabri\.m2\repository\info\picocli\picocli\4.5.2\picocli-4.5.2.jar;C:\Users\gabri\.m2\repository\org\junit\jupiter\junit-jupiter-api\5.7.0\junit-jupiter-api-5.7.0.jar;C:\Users\gabri\.m2\repository\org\apiguardian\apiguardian-api\1.1.0\apiguardian-api-1.1.0.jar;C:\Users\gabri\.m2\repository\org\opentest4j\opentest4j\1.2.0\opentest4j-1.2.0.jar;C:\Users\gabri\.m2\repository\org\junit\platform\junit-platform-commons\1.7.0\junit-platform-commons-1.7.0.jar;C:\Users\gabri\.m2\repository\org\junit\jupiter\junit-jupiter-engine\5.7.0\junit-jupiter-engine-5.7.0.jar;C:\Users\gabri\.m2\repository\org\junit\platform\junit-platform-engine\1.7.0\junit-platform-engine-1.7.0.jar;"/>
    <property name="sun.cpu.endian" value="little"/>
    <property name="user.home" value="C:\Users\gabri"/>
    <property name="user.language" value="en"/>
    <property name="java.specification.vendor" value="Oracle Corporation"/>
    <property name="java.version.date" value="2023-01-17"/>
    <property name="java.home" value="C:\Program Files\Eclipse Adoptium\jdk-17.0.6.10-hotspot"/>
    <property name="file.separator" value="\"/>
    <property name="basedir" value="C:\Users\gabri\OneDrive\Documentos\codiguins\Inatel\S206---L1\karate\trabalho_karate\karate_trabalho"/>
    <property name="java.vm.compressedOopsMode" value="32-bit"/>
    <property name="line.separator" value="&#10;"/>
    <property name="java.vm.specification.vendor" value="Oracle Corporation"/>
    <property name="java.specification.name" value="Java Platform API Specification"/>
    <property name="surefire.real.class.path" value="C:\Users\gabri\AppData\Local\Temp\surefire13315725926666457549\surefirebooter5547776318138783000.jar"/>
    <property name="user.script" value=""/>
    <property name="sun.management.compiler" value="HotSpot 64-Bit Tiered Compilers"/>
    <property name="java.runtime.version" value="17.0.6+10"/>
    <property name="user.name" value="gabri"/>
    <property name="path.separator" value=";"/>
    <property name="os.version" value="10.0"/>
    <property name="java.runtime.name" value="OpenJDK Runtime Environment"/>
    <property name="file.encoding" value="UTF-8"/>
    <property name="java.vm.name" value="OpenJDK 64-Bit Server VM"/>
    <property name="java.vendor.version" value="Temurin-17.0.6+10"/>
    <property name="localRepository" value="C:\Users\gabri\.m2\repository"/>
    <property name="java.vendor.url.bug" value="https://github.com/adoptium/adoptium-support/issues"/>
    <property name="java.io.tmpdir" value="C:\Users\gabri\AppData\Local\Temp\"/>
    <property name="java.version" value="17.0.6"/>
    <property name="user.dir" value="C:\Users\gabri\OneDrive\Documentos\codiguins\Inatel\S206---L1\karate\trabalho_karate\karate_trabalho"/>
    <property name="os.arch" value="amd64"/>
    <property name="java.vm.specification.name" value="Java Virtual Machine Specification"/>
    <property name="sun.os.patch.level" value=""/>
    <property name="native.encoding" value="Cp1252"/>
    <property name="java.library.path" value="C:\Program Files\Eclipse Adoptium\jdk-17.0.6.10-hotspot\bin;C:\Windows\Sun\Java\bin;C:\Windows\system32;C:\Windows;C:\Program Files\Eclipse Adoptium\jdk-17.0.6.10-hotspot\bin;C:\Program Files (x86)\Razer Chroma SDK\bin;C:\Program Files\Razer Chroma SDK\bin;C:\Program Files (x86)\Razer\ChromaBroadcast\bin;C:\Program Files\Razer\ChromaBroadcast\bin;C:\Windows\system32;C:\Windows;C:\Windows\System32\Wbem;C:\Windows\System32\WindowsPowerShell\v1.0\;C:\Windows\System32\OpenSSH\;C:\Program Files (x86)\NVIDIA Corporation\PhysX\Common;C:\Program Files\NVIDIA Corporation\NVIDIA NvDLISR;C:\Users\gabri\AppData\Local\Microsoft\WindowsApps;C:\Users\gabri\AppData\Local\Programs\Microsoft VS Code\bin;C:\Program Files\Git\cmd;C:\MinGW\bin;C:\c\flutter\flutter\bin;C:\c\flutter\flutter\bin\cache\dart-sdk\bin;C:\Program Files\nodejs\;C:\Users\gabri\OneDrive\Documentos\codiguins\maven\apache-maven-3.9.5\bin;C:\Users\gabri\AppData\Local\Programs\Python\Python312\Scripts\;C:\Users\gabri\AppData\Local\Programs\Python\Python312\;C:\Program Files\MySQL\MySQL Shell 8.0\bin\;C:\Users\gabri\AppData\Local\Programs\Python\Python311\Scripts\;C:\Users\gabri\AppData\Local\Programs\Python\Python311\;C:\Users\gabri\AppData\Local\Microsoft\WindowsApps;C:\Users\gabri\AppData\Local\Programs\Microsoft VS Code\bin;C:\c\flutter\flutter\bin;C:\c\flutter\flutter\bin\cache\dart-sdk\bin;C:\Users\gabri\AppData\Roaming\npm;."/>
    <property name="java.vm.info" value="mixed mode, sharing"/>
    <property name="java.vendor" value="Eclipse Adoptium"/>
    <property name="java.vm.version" value="17.0.6+10"/>
    <property name="sun.io.unicode.encoding" value="UnicodeLittle"/>
    <property name="java.class.version" value="61.0"/>
  </properties>
  <testcase name="testBen10[1][1]" classname="apiben10.ben10Runner" time="1.341"/>
  <testcase name="testBen10[1][2]" classname="apiben10.ben10Runner" time="0.1"/>
  <testcase name="testBen10[1][3]" classname="apiben10.ben10Runner" time="0.076"/>
  <testcase name="testBen10[1][4]" classname="apiben10.ben10Runner" time="0.067"/>
  <testcase name="testBen10[1][5]" classname="apiben10.ben10Runner" time="0.079">
    <failure message="match failed: EQUALS&#10;  $ | not equal (STRING:STRING)&#10;  &apos;4&apos;&#10;  &apos;3333&apos;&#10;&#10;classpath:apiben10/ben10.feature:30" type="org.opentest4j.AssertionFailedError">org.opentest4j.AssertionFailedError: 
match failed: EQUALS
  $ | not equal (STRING:STRING)
  '4'
  '3333'

classpath:apiben10/ben10.feature:30
</failure>
    <system-out><![CDATA[10:07:06.821 [main] INFO  com.intuit.karate - karate.env system property was: null 
10:07:06.824 [main] DEBUG com.intuit.karate - request:
1 > GET https://www.omdbapi.com/?t=ben_10&season=2&apikey=6585022c
1 > Host: www.omdbapi.com
1 > Connection: Keep-Alive
1 > User-Agent: Apache-HttpClient/4.5.13 (Java/17.0.6)
1 > Accept-Encoding: gzip,deflate


10:07:06.882 [main] DEBUG com.intuit.karate - response time in milliseconds: 58
1 < 200
1 < Date: Sun, 03 Dec 2023 13:07:06 GMT
1 < Content-Type: application/json; charset=utf-8
1 < Transfer-Encoding: chunked
1 < Connection: keep-alive
1 < Cache-Control: public, max-age=86400
1 < expires: Sun, 03 Dec 2023 13:39:37 GMT
1 < last-modified: Sun, 03 Dec 2023 12:39:37 GMT
1 < vary: *, Accept-Encoding
1 < x-aspnet-version: 4.0.30319
1 < x-powered-by: ASP.NET
1 < access-control-allow-origin: *
1 < CF-Cache-Status: HIT
1 < Age: 1648
1 < Server: cloudflare
1 < CF-RAY: 82fc07e00d640188-GRU
{"Response":"True","totalSeasons":"4","Episodes":[{"Episode":"1","Released":"2006-05-29","imdbID":"tt0826286","Title":"Truth","imdbRating":"7.8"},{"Episode":"2","Released":"2006-05-30","imdbID":"tt0826284","Title":"The Big Tick","imdbRating":"7.4"},{"Episode":"3","Released":"2006-05-31","imdbID":"tt0826281","Title":"Framed","imdbRating":"8.5"},{"Episode":"4","Released":"2006-06-04","imdbID":"tt0826283","Title":"Gwen 10","imdbRating":"7.8"},{"Episode":"5","Released":"2006-06-07","imdbID":"tt0826282","Title":"Grudge Match","imdbRating":"8.3"},{"Episode":"6","Released":"2006-06-13","imdbID":"tt0826285","Title":"The Galactic Enforcers","imdbRating":"7.4"},{"Episode":"7","Released":"2006-06-21","imdbID":"tt0826280","Title":"Camp Fear","imdbRating":"7.8"},{"Episode":"8","Released":"2006-07-06","imdbID":"tt0847945","Title":"Ultimate Weapon","imdbRating":"7.6"},{"Episode":"9","Released":"2006-07-12","imdbID":"tt0844405","Title":"Tough Luck","imdbRating":"7.8"},{"Episode":"10","Released":"2006-07-18","imdbID":"tt0847944","Title":"They Lurk Below","imdbRating":"N\/A"},{"Episode":"11","Released":"2006-07-25","imdbID":"tt0847943","Title":"Ghostfreaked Out","imdbRating":"N\/A"},{"Episode":"12","Released":"2006-08-25","imdbID":"tt0859901","Title":"Dr. Animo and the Mutant Ray","imdbRating":"N\/A"},{"Episode":"13","Released":"2006-10-09","imdbID":"tt0879431","Title":"Back with a Vengeance","imdbRating":"N\/A"}],"Title":"Ben 10","Season":"2"}
10:07:06.885 [main] ERROR com.intuit.karate - classpath:apiben10/ben10.feature:30
Then match response.totalSeasons == '3333'
match failed: EQUALS
  $ | not equal (STRING:STRING)
  '4'
  '3333'

classpath:apiben10/ben10.feature:30
]]></system-out>
  </testcase>
  <testcase name="testBen10[1][6]" classname="apiben10.ben10Runner" time="0.654">
    <failure message="match failed: EQUALS&#10;  $ | not equal (STRING:STRING)&#10;  &apos;The Big Tick&apos;&#10;  &apos;ghsfgcvbcvb&apos;&#10;&#10;classpath:apiben10/ben10.feature:36" type="org.opentest4j.AssertionFailedError">org.opentest4j.AssertionFailedError: 
match failed: EQUALS
  $ | not equal (STRING:STRING)
  'The Big Tick'
  'ghsfgcvbcvb'

classpath:apiben10/ben10.feature:36
</failure>
    <system-out><![CDATA[10:07:06.899 [main] INFO  com.intuit.karate - karate.env system property was: null 
10:07:06.902 [main] DEBUG com.intuit.karate - request:
1 > GET https://www.omdbapi.com/?t=ben_10&season=2&episode=2&apikey=6585022c
1 > Host: www.omdbapi.com
1 > Connection: Keep-Alive
1 > User-Agent: Apache-HttpClient/4.5.13 (Java/17.0.6)
1 > Accept-Encoding: gzip,deflate


10:07:06.953 [main] DEBUG com.intuit.karate - response time in milliseconds: 50
1 < 200
1 < Date: Sun, 03 Dec 2023 13:07:06 GMT
1 < Content-Type: application/json; charset=utf-8
1 < Transfer-Encoding: chunked
1 < Connection: keep-alive
1 < Cache-Control: public, max-age=86400
1 < expires: Sun, 03 Dec 2023 13:43:26 GMT
1 < last-modified: Sun, 03 Dec 2023 12:43:26 GMT
1 < vary: *, Accept-Encoding
1 < x-aspnet-version: 4.0.30319
1 < x-powered-by: ASP.NET
1 < access-control-allow-origin: *
1 < CF-Cache-Status: HIT
1 < Age: 1420
1 < Server: cloudflare
1 < CF-RAY: 82fc07e07c7e1a96-GRU
{"Released":"30 May 2006","Metascore":"N\/A","imdbID":"tt0826284","Plot":"Ben discovers a new alien in the Omnitrix. As he tries to figure out the alien's abilities, a meteor crashes nearby. A giant tick emerges. It's already destroyed several other planets. Now Earth is next.","Director":"Sebastian Montes","Title":"The Big Tick","Actors":"Tara Strong, Meagan Moore, Paul Eiding","imdbRating":"7.4","imdbVotes":"452","seriesID":"tt0760437","Ratings":[{"Value":"7.4\/10","Source":"Internet Movie Database"}],"Response":"True","Episode":"2","Runtime":"23 min","Type":"episode","Awards":"N\/A","Year":"2006","Language":"N\/A","Rated":"TV-Y7","Poster":"https:\/\/m.media-amazon.com\/images\/M\/MV5BYTJkNWFhZmMtM2M5ZS00YTdkLWE4YWMtNGM5ODlmNjdkYTVhXkEyXkFqcGdeQXVyNTc0NjY1ODk@._V1_SX300.jpg","Country":"N\/A","Genre":"Animation, Action, Adventure","Season":"2","Writer":"Kevin Hopps, Duncan Rouleau, Joe Casey"}
10:07:06.955 [main] ERROR com.intuit.karate - classpath:apiben10/ben10.feature:36
Then match response.Title == 'ghsfgcvbcvb'
match failed: EQUALS
  $ | not equal (STRING:STRING)
  'The Big Tick'
  'ghsfgcvbcvb'

classpath:apiben10/ben10.feature:36
---------------------------------------------------------
feature: classpath:apiben10/ben10.feature
scenarios:  6 | passed:  4 | failed:  2 | time: 0.8945
---------------------------------------------------------

Karate version: 1.0.1
======================================================
elapsed:   2.33 | threads:    1 | thread time: 0.89 
features:     1 | skipped:    0 | efficiency: 0.38
scenarios:    6 | passed:     4 | failed: 2
======================================================
>>> failed features:
match failed: EQUALS
  $ | not equal (STRING:STRING)
  '4'
  '3333'

classpath:apiben10/ben10.feature:30
match failed: EQUALS
  $ | not equal (STRING:STRING)
  'The Big Tick'
  'ghsfgcvbcvb'

classpath:apiben10/ben10.feature:36
<<<

HTML report: (paste into browser to view) | Karate version: 1.0.1
file:///C:/Users/gabri/OneDrive/Documentos/codiguins/Inatel/S206---L1/karate/trabalho_karate/karate_trabalho/target/karate-reports/karate-summary.html
===================================================================

]]></system-out>
  </testcase>
</testsuite>