<?xml version="1.0" encoding="UTF-8"?>
<testsuite xmlns:xsi="http://www.w3.org/2001/XMLSchema-instance" xsi:noNamespaceSchemaLocation="https://maven.apache.org/surefire/maven-surefire-plugin/xsd/surefire-test-report.xsd" name="prova.provaRunner" time="10.85" tests="5" errors="0" skipped="0" failures="1">
  <properties>
    <property name="java.specification.version" value="17"/>
    <property name="sun.cpu.isalist" value="amd64"/>
    <property name="sun.jnu.encoding" value="Cp1252"/>
    <property name="java.class.path" value="C:\Users\gabri\OneDrive\Documentos\codiguins\Inatel\S206---L1\karate\prova_karate\prova_karate\target\test-classes;C:\Users\gabri\OneDrive\Documentos\codiguins\Inatel\S206---L1\karate\prova_karate\prova_karate\target\classes;C:\Users\gabri\.m2\repository\com\intuit\karate\karate-junit5\1.0.1\karate-junit5-1.0.1.jar;C:\Users\gabri\.m2\repository\com\intuit\karate\karate-core\1.0.1\karate-core-1.0.1.jar;C:\Users\gabri\.m2\repository\org\graalvm\js\js-scriptengine\21.0.0\js-scriptengine-21.0.0.jar;C:\Users\gabri\.m2\repository\org\graalvm\sdk\graal-sdk\21.0.0\graal-sdk-21.0.0.jar;C:\Users\gabri\.m2\repository\org\graalvm\js\js\21.0.0\js-21.0.0.jar;C:\Users\gabri\.m2\repository\org\graalvm\regex\regex\21.0.0\regex-21.0.0.jar;C:\Users\gabri\.m2\repository\org\graalvm\truffle\truffle-api\21.0.0\truffle-api-21.0.0.jar;C:\Users\gabri\.m2\repository\com\ibm\icu\icu4j\67.1\icu4j-67.1.jar;C:\Users\gabri\.m2\repository\ch\qos\logback\logback-classic\1.2.3\logback-classic-1.2.3.jar;C:\Users\gabri\.m2\repository\ch\qos\logback\logback-core\1.2.3\logback-core-1.2.3.jar;C:\Users\gabri\.m2\repository\org\slf4j\slf4j-api\1.7.25\slf4j-api-1.7.25.jar;C:\Users\gabri\.m2\repository\org\slf4j\jcl-over-slf4j\1.7.25\jcl-over-slf4j-1.7.25.jar;C:\Users\gabri\.m2\repository\com\jayway\jsonpath\json-path\2.5.0\json-path-2.5.0.jar;C:\Users\gabri\.m2\repository\net\minidev\json-smart\2.3\json-smart-2.3.jar;C:\Users\gabri\.m2\repository\net\minidev\accessors-smart\1.2\accessors-smart-1.2.jar;C:\Users\gabri\.m2\repository\org\ow2\asm\asm\5.0.4\asm-5.0.4.jar;C:\Users\gabri\.m2\repository\info\cukes\cucumber-java\1.2.5\cucumber-java-1.2.5.jar;C:\Users\gabri\.m2\repository\info\cukes\cucumber-core\1.2.5\cucumber-core-1.2.5.jar;C:\Users\gabri\.m2\repository\org\yaml\snakeyaml\1.27\snakeyaml-1.27.jar;C:\Users\gabri\.m2\repository\de\siegmar\fastcsv\1.0.4\fastcsv-1.0.4.jar;C:\Users\gabri\.m2\repository\info\picocli\picocli\4.5.2\picocli-4.5.2.jar;C:\Users\gabri\.m2\repository\org\junit\jupiter\junit-jupiter-api\5.7.0\junit-jupiter-api-5.7.0.jar;C:\Users\gabri\.m2\repository\org\apiguardian\apiguardian-api\1.1.0\apiguardian-api-1.1.0.jar;C:\Users\gabri\.m2\repository\org\opentest4j\opentest4j\1.2.0\opentest4j-1.2.0.jar;C:\Users\gabri\.m2\repository\org\junit\platform\junit-platform-commons\1.7.0\junit-platform-commons-1.7.0.jar;C:\Users\gabri\.m2\repository\org\junit\jupiter\junit-jupiter-engine\5.7.0\junit-jupiter-engine-5.7.0.jar;C:\Users\gabri\.m2\repository\org\junit\platform\junit-platform-engine\1.7.0\junit-platform-engine-1.7.0.jar;"/>
    <property name="java.vm.vendor" value="Eclipse Adoptium"/>
    <property name="sun.arch.data.model" value="64"/>
    <property name="user.variant" value=""/>
    <property name="java.vendor.url" value="https://adoptium.net/"/>
    <property name="user.timezone" value="America/Sao_Paulo"/>
    <property name="os.name" value="Windows 11"/>
    <property name="java.vm.specification.version" value="17"/>
    <property name="sun.java.launcher" value="SUN_STANDARD"/>
    <property name="user.country" value="US"/>
    <property name="sun.boot.library.path" value="C:\Program Files\Eclipse Adoptium\jdk-17.0.6.10-hotspot\bin"/>
    <property name="sun.java.command" value="C:\Users\gabri\AppData\Local\Temp\surefire9688210496172167726\surefirebooter3561769677161110536.jar C:\Users\gabri\AppData\Local\Temp\surefire9688210496172167726 2023-12-03T17-08-12_449-jvmRun1 surefire15780098737921281054tmp surefire_06278020338089414884tmp"/>
    <property name="jdk.debug" value="release"/>
    <property name="test" value="provaRunner"/>
    <property name="surefire.test.class.path" value="C:\Users\gabri\OneDrive\Documentos\codiguins\Inatel\S206---L1\karate\prova_karate\prova_karate\target\test-classes;C:\Users\gabri\OneDrive\Documentos\codiguins\Inatel\S206---L1\karate\prova_karate\prova_karate\target\classes;C:\Users\gabri\.m2\repository\com\intuit\karate\karate-junit5\1.0.1\karate-junit5-1.0.1.jar;C:\Users\gabri\.m2\repository\com\intuit\karate\karate-core\1.0.1\karate-core-1.0.1.jar;C:\Users\gabri\.m2\repository\org\graalvm\js\js-scriptengine\21.0.0\js-scriptengine-21.0.0.jar;C:\Users\gabri\.m2\repository\org\graalvm\sdk\graal-sdk\21.0.0\graal-sdk-21.0.0.jar;C:\Users\gabri\.m2\repository\org\graalvm\js\js\21.0.0\js-21.0.0.jar;C:\Users\gabri\.m2\repository\org\graalvm\regex\regex\21.0.0\regex-21.0.0.jar;C:\Users\gabri\.m2\repository\org\graalvm\truffle\truffle-api\21.0.0\truffle-api-21.0.0.jar;C:\Users\gabri\.m2\repository\com\ibm\icu\icu4j\67.1\icu4j-67.1.jar;C:\Users\gabri\.m2\repository\ch\qos\logback\logback-classic\1.2.3\logback-classic-1.2.3.jar;C:\Users\gabri\.m2\repository\ch\qos\logback\logback-core\1.2.3\logback-core-1.2.3.jar;C:\Users\gabri\.m2\repository\org\slf4j\slf4j-api\1.7.25\slf4j-api-1.7.25.jar;C:\Users\gabri\.m2\repository\org\slf4j\jcl-over-slf4j\1.7.25\jcl-over-slf4j-1.7.25.jar;C:\Users\gabri\.m2\repository\com\jayway\jsonpath\json-path\2.5.0\json-path-2.5.0.jar;C:\Users\gabri\.m2\repository\net\minidev\json-smart\2.3\json-smart-2.3.jar;C:\Users\gabri\.m2\repository\net\minidev\accessors-smart\1.2\accessors-smart-1.2.jar;C:\Users\gabri\.m2\repository\org\ow2\asm\asm\5.0.4\asm-5.0.4.jar;C:\Users\gabri\.m2\repository\info\cukes\cucumber-java\1.2.5\cucumber-java-1.2.5.jar;C:\Users\gabri\.m2\repository\info\cukes\cucumber-core\1.2.5\cucumber-core-1.2.5.jar;C:\Users\gabri\.m2\repository\org\yaml\snakeyaml\1.27\snakeyaml-1.27.jar;C:\Users\gabri\.m2\repository\de\siegmar\fastcsv\1.0.4\fastcsv-1.0.4.jar;C:\Users\gabri\.m2\repository\info\picocli\picocli\4.5.2\picocli-4.5.2.jar;C:\Users\gabri\.m2\repository\org\junit\jupiter\junit-jupiter-api\5.7.0\junit-jupiter-api-5.7.0.jar;C:\Users\gabri\.m2\repository\org\apiguardian\apiguardian-api\1.1.0\apiguardian-api-1.1.0.jar;C:\Users\gabri\.m2\repository\org\opentest4j\opentest4j\1.2.0\opentest4j-1.2.0.jar;C:\Users\gabri\.m2\repository\org\junit\platform\junit-platform-commons\1.7.0\junit-platform-commons-1.7.0.jar;C:\Users\gabri\.m2\repository\org\junit\jupiter\junit-jupiter-engine\5.7.0\junit-jupiter-engine-5.7.0.jar;C:\Users\gabri\.m2\repository\org\junit\platform\junit-platform-engine\1.7.0\junit-platform-engine-1.7.0.jar;"/>
    <property name="sun.cpu.endian" value="little"/>
    <property name="user.home" value="C:\Users\gabri"/>
    <property name="user.language" value="en"/>
    <property name="java.specification.vendor" value="Oracle Corporation"/>
    <property name="java.version.date" value="2023-01-17"/>
    <property name="java.home" value="C:\Program Files\Eclipse Adoptium\jdk-17.0.6.10-hotspot"/>
    <property name="file.separator" value="\"/>
    <property name="basedir" value="C:\Users\gabri\OneDrive\Documentos\codiguins\Inatel\S206---L1\karate\prova_karate\prova_karate"/>
    <property name="java.vm.compressedOopsMode" value="32-bit"/>
    <property name="line.separator" value="&#10;"/>
    <property name="java.vm.specification.vendor" value="Oracle Corporation"/>
    <property name="java.specification.name" value="Java Platform API Specification"/>
    <property name="surefire.real.class.path" value="C:\Users\gabri\AppData\Local\Temp\surefire9688210496172167726\surefirebooter3561769677161110536.jar"/>
    <property name="user.script" value=""/>
    <property name="sun.management.compiler" value="HotSpot 64-Bit Tiered Compilers"/>
    <property name="java.runtime.version" value="17.0.6+10"/>
    <property name="user.name" value="gabri"/>
    <property name="path.separator" value=";"/>
    <property name="os.version" value="10.0"/>
    <property name="java.runtime.name" value="OpenJDK Runtime Environment"/>
    <property name="file.encoding" value="UTF-8"/>
    <property name="java.vm.name" value="OpenJDK 64-Bit Server VM"/>
    <property name="java.vendor.version" value="Temurin-17.0.6+10"/>
    <property name="localRepository" value="C:\Users\gabri\.m2\repository"/>
    <property name="java.vendor.url.bug" value="https://github.com/adoptium/adoptium-support/issues"/>
    <property name="java.io.tmpdir" value="C:\Users\gabri\AppData\Local\Temp\"/>
    <property name="java.version" value="17.0.6"/>
    <property name="user.dir" value="C:\Users\gabri\OneDrive\Documentos\codiguins\Inatel\S206---L1\karate\prova_karate\prova_karate"/>
    <property name="os.arch" value="amd64"/>
    <property name="java.vm.specification.name" value="Java Virtual Machine Specification"/>
    <property name="sun.os.patch.level" value=""/>
    <property name="native.encoding" value="Cp1252"/>
    <property name="java.library.path" value="C:\Program Files\Eclipse Adoptium\jdk-17.0.6.10-hotspot\bin;C:\Windows\Sun\Java\bin;C:\Windows\system32;C:\Windows;C:\Program Files\Eclipse Adoptium\jdk-17.0.6.10-hotspot\bin;C:\Program Files (x86)\Razer Chroma SDK\bin;C:\Program Files\Razer Chroma SDK\bin;C:\Program Files (x86)\Razer\ChromaBroadcast\bin;C:\Program Files\Razer\ChromaBroadcast\bin;C:\Windows\system32;C:\Windows;C:\Windows\System32\Wbem;C:\Windows\System32\WindowsPowerShell\v1.0\;C:\Windows\System32\OpenSSH\;C:\Program Files (x86)\NVIDIA Corporation\PhysX\Common;C:\Program Files\NVIDIA Corporation\NVIDIA NvDLISR;C:\Users\gabri\AppData\Local\Microsoft\WindowsApps;C:\Users\gabri\AppData\Local\Programs\Microsoft VS Code\bin;C:\Program Files\Git\cmd;C:\MinGW\bin;C:\c\flutter\flutter\bin;C:\c\flutter\flutter\bin\cache\dart-sdk\bin;C:\Program Files\nodejs\;C:\Users\gabri\OneDrive\Documentos\codiguins\maven\apache-maven-3.9.5\bin;C:\Users\gabri\AppData\Local\Programs\Python\Python312\Scripts\;C:\Users\gabri\AppData\Local\Programs\Python\Python312\;C:\Program Files\MySQL\MySQL Shell 8.0\bin\;C:\Users\gabri\AppData\Local\Programs\Python\Python311\Scripts\;C:\Users\gabri\AppData\Local\Programs\Python\Python311\;C:\Users\gabri\AppData\Local\Microsoft\WindowsApps;C:\Users\gabri\AppData\Local\Programs\Microsoft VS Code\bin;C:\c\flutter\flutter\bin;C:\c\flutter\flutter\bin\cache\dart-sdk\bin;C:\Users\gabri\AppData\Roaming\npm;."/>
    <property name="java.vm.info" value="mixed mode, sharing"/>
    <property name="java.vendor" value="Eclipse Adoptium"/>
    <property name="java.vm.version" value="17.0.6+10"/>
    <property name="sun.io.unicode.encoding" value="UnicodeLittle"/>
    <property name="java.class.version" value="61.0"/>
  </properties>
  <testcase name="testProva[1][1]" classname="prova.provaRunner" time="5.273"/>
  <testcase name="testProva[1][2]" classname="prova.provaRunner" time="1.214"/>
  <testcase name="testProva[1][3]" classname="prova.provaRunner" time="1.267"/>
  <testcase name="testProva[1][4]" classname="prova.provaRunner" time="0.413">
    <failure message="match failed: EQUALS&#10;  $ | not equal (NUMBER:NUMBER)&#10;  1830415&#10;  5.9451651651E10&#10;&#10;classpath:prova/prova.feature:29" type="org.opentest4j.AssertionFailedError">org.opentest4j.AssertionFailedError: 
match failed: EQUALS
  $ | not equal (NUMBER:NUMBER)
  1830415
  5.9451651651E10

classpath:prova/prova.feature:29
</failure>
    <system-out><![CDATA[17:08:21.506 [main] INFO  com.intuit.karate - karate.env system property was: null 
17:08:21.509 [main] DEBUG com.intuit.karate - request:
1 > GET https://gorest.co.in/public/v2/users/1830415
1 > Host: gorest.co.in
1 > Connection: Keep-Alive
1 > User-Agent: Apache-HttpClient/4.5.13 (Java/17.0.6)
1 > Accept-Encoding: gzip,deflate


17:08:21.903 [main] DEBUG com.intuit.karate - response time in milliseconds: 394
1 < 200
1 < Date: Sun, 03 Dec 2023 20:08:21 GMT
1 < Content-Type: application/json; charset=utf-8
1 < Transfer-Encoding: chunked
1 < Connection: keep-alive
1 < Cache-Control: max-age=0, private, must-revalidate
1 < etag: W/"2e3daf6e869052c9e6fb856636be4530"
1 < referrer-policy: strict-origin-when-cross-origin
1 < vary: Origin
1 < x-content-type-options: nosniff
1 < x-download-options: noopen
1 < x-frame-options: SAMEORIGIN
1 < x-permitted-cross-domain-policies: none
1 < x-request-id: 493b379d-b7b9-4cea-adac-09ab2986b1a1
1 < x-runtime: 0.017275
1 < x-xss-protection: 0
1 < CF-Cache-Status: DYNAMIC
1 < Report-To: {"endpoints":[{"url":"https:\/\/a.nel.cloudflare.com\/report\/v3?s=nBp6mv6VOceRhu55ziLntMlYNf5hZt9OLZujr3qKmTbOYl0RT7NVnvua6%2BJ4KWCGqCUPFUuJbRSMo176rLb%2FyNHsd7XbZ4turfmYPTl25w5KG7ZIsyk%2BK8OAvFdfdao%3D"}],"group":"cf-nel","max_age":604800}
1 < NEL: {"success_fraction":0,"report_to":"cf-nel","max_age":604800}
1 < Server: cloudflare
1 < CF-RAY: 82fe70edde240322-GRU
1 < alt-svc: h3=":443"; ma=86400
{"gender":"female","name":"Aadrika Mahajan","id":1830415,"email":"aadrika_mahajan@roob.test","status":"inactive"}
17:08:21.906 [main] ERROR com.intuit.karate - classpath:prova/prova.feature:29
Then match $.id == 59451651651
match failed: EQUALS
  $ | not equal (NUMBER:NUMBER)
  1830415
  5.9451651651E10

classpath:prova/prova.feature:29
]]></system-out>
  </testcase>
  <testcase name="testProva[1][5]" classname="prova.provaRunner" time="2.13"/>
</testsuite>